2025-10-11 23:25:18,641 [INFO] - Starting price drop check...
2025-10-11 23:25:18,683 [INFO] - Found 210 products with significant price drops.
2025-10-11 23:25:18,684 [ERROR] - Email sending skipped: sender email is not configured.
2025-10-11 23:25:18,694 [ERROR] - Email sending skipped: sender email is not configured.
2025-10-11 23:25:18,705 [ERROR] - Email sending skipped: sender email is not configured.
2025-10-11 23:25:18,717 [ERROR] - Email sending skipped: sender email is not configured.
2025-10-11 23:25:18,725 [ERROR] - Email sending skipped: sender email is not configured.
2025-10-11 23:25:18,734 [ERROR] - Email sending skipped: sender email is not configured.
2025-10-11 23:25:18,744 [ERROR] - Email sending skipped: sender email is not configured.
2025-10-11 23:25:18,753 [ERROR] - Email sending skipped: sender email is not configured.
2025-10-11 23:25:18,763 [ERROR] - Email sending skipped: sender email is not configured.
2025-10-11 23:25:18,767 [ERROR] - Email sending skipped: sender email is not configured.
2025-10-11 23:25:18,776 [ERROR] - Email sending skipped: sender email is not configured.
2025-10-11 23:25:18,786 [ERROR] - Email sending skipped: sender email is not configured.
2025-10-11 23:25:18,794 [ERROR] - Email sending skipped: sender email is not configured.
2025-10-11 23:25:18,801 [ERROR] - Email sending skipped: sender email is not configured.
2025-10-11 23:25:18,814 [ERROR] - Email sending skipped: sender email is not configured.
2025-10-11 23:25:18,822 [ERROR] - Email sending skipped: sender email is not configured.
2025-10-11 23:25:18,832 [ERROR] - Email sending skipped: sender email is not configured.
2025-10-11 23:25:18,841 [ERROR] - Email sending skipped: sender email is not configured.
2025-10-11 23:25:18,849 [ERROR] - Email sending skipped: sender email is not configured.
2025-10-11 23:25:18,860 [ERROR] - Email sending skipped: sender email is not configured.
2025-10-11 23:25:18,867 [ERROR] - Email sending skipped: sender email is not configured.
2025-10-11 23:25:18,873 [ERROR] - Email sending skipped: sender email is not configured.
2025-10-11 23:25:18,877 [ERROR] - Email sending skipped: sender email is not configured.
2025-10-11 23:25:18,888 [ERROR] - Email sending skipped: sender email is not configured.
2025-10-11 23:25:18,896 [ERROR] - Email sending skipped: sender email is not configured.
2025-10-11 23:25:18,905 [ERROR] - Email sending skipped: sender email is not configured.
2025-10-11 23:25:18,913 [ERROR] - Email sending skipped: sender email is not configured.
2025-10-11 23:25:18,919 [ERROR] - Email sending skipped: sender email is not configured.
2025-10-11 23:25:18,927 [ERROR] - Email sending skipped: sender email is not configured.
2025-10-11 23:25:18,935 [ERROR] - Email sending skipped: sender email is not configured.
2025-10-11 23:25:18,942 [ERROR] - Email sending skipped: sender email is not configured.
2025-10-11 23:25:18,947 [ERROR] - Email sending skipped: sender email is not configured.
2025-10-11 23:25:18,959 [ERROR] - Email sending skipped: sender email is not configured.
2025-10-11 23:25:18,965 [ERROR] - Email sending skipped: sender email is not configured.
2025-10-11 23:25:18,976 [ERROR] - Email sending skipped: sender email is not configured.
2025-10-11 23:25:18,977 [ERROR] - Email sending skipped: sender email is not configured.
2025-10-11 23:25:18,993 [ERROR] - Email sending skipped: sender email is not configured.
2025-10-11 23:25:19,000 [ERROR] - Email sending skipped: sender email is not configured.
2025-10-11 23:25:19,009 [ERROR] - Email sending skipped: sender email is not configured.
2025-10-11 23:25:19,029 [ERROR] - Email sending skipped: sender email is not configured.
2025-10-11 23:25:19,047 [ERROR] - Email sending skipped: sender email is not configured.
2025-10-11 23:25:19,060 [ERROR] - Email sending skipped: sender email is not configured.
2025-10-11 23:25:19,077 [ERROR] - Email sending skipped: sender email is not configured.
2025-10-11 23:25:19,086 [ERROR] - Email sending skipped: sender email is not configured.
2025-10-11 23:25:19,094 [ERROR] - Email sending skipped: sender email is not configured.
2025-10-11 23:25:19,118 [ERROR] - Email sending skipped: sender email is not configured.
2025-10-11 23:25:19,127 [ERROR] - Email sending skipped: sender email is not configured.
2025-10-11 23:25:19,135 [ERROR] - Email sending skipped: sender email is not configured.
2025-10-11 23:25:19,139 [ERROR] - Email sending skipped: sender email is not configured.
2025-10-11 23:25:19,148 [ERROR] - Email sending skipped: sender email is not configured.
2025-10-11 23:25:19,154 [ERROR] - Email sending skipped: sender email is not configured.
2025-10-11 23:25:19,162 [ERROR] - Email sending skipped: sender email is not configured.
2025-10-11 23:25:19,169 [ERROR] - Email sending skipped: sender email is not configured.
2025-10-11 23:25:19,177 [ERROR] - Email sending skipped: sender email is not configured.
2025-10-11 23:25:19,186 [ERROR] - Email sending skipped: sender email is not configured.
2025-10-11 23:25:19,194 [ERROR] - Email sending skipped: sender email is not configured.
2025-10-11 23:25:19,200 [ERROR] - Email sending skipped: sender email is not configured.
2025-10-11 23:25:19,205 [ERROR] - Email sending skipped: sender email is not configured.
2025-10-11 23:25:19,213 [ERROR] - Email sending skipped: sender email is not configured.
2025-10-11 23:25:19,222 [ERROR] - Email sending skipped: sender email is not configured.
2025-10-11 23:25:19,224 [ERROR] - Email sending skipped: sender email is not configured.
2025-10-11 23:25:19,238 [ERROR] - Email sending skipped: sender email is not configured.
2025-10-11 23:25:19,242 [ERROR] - Email sending skipped: sender email is not configured.
2025-10-11 23:25:19,255 [ERROR] - Email sending skipped: sender email is not configured.
2025-10-11 23:25:19,261 [ERROR] - Email sending skipped: sender email is not configured.
2025-10-11 23:25:19,269 [ERROR] - Email sending skipped: sender email is not configured.
2025-10-11 23:25:19,278 [ERROR] - Email sending skipped: sender email is not configured.
2025-10-11 23:25:19,286 [ERROR] - Email sending skipped: sender email is not configured.
2025-10-11 23:25:19,294 [ERROR] - Email sending skipped: sender email is not configured.
2025-10-11 23:25:19,300 [ERROR] - Email sending skipped: sender email is not configured.
2025-10-11 23:25:19,308 [ERROR] - Email sending skipped: sender email is not configured.
2025-10-11 23:25:19,315 [ERROR] - Email sending skipped: sender email is not configured.
2025-10-11 23:25:19,324 [ERROR] - Email sending skipped: sender email is not configured.
2025-10-11 23:25:19,328 [ERROR] - Email sending skipped: sender email is not configured.
2025-10-11 23:25:19,336 [ERROR] - Email sending skipped: sender email is not configured.
2025-10-11 23:25:19,343 [ERROR] - Email sending skipped: sender email is not configured.
2025-10-11 23:25:19,348 [ERROR] - Email sending skipped: sender email is not configured.
2025-10-11 23:25:19,354 [ERROR] - Email sending skipped: sender email is not configured.
2025-10-11 23:25:19,362 [ERROR] - Email sending skipped: sender email is not configured.
2025-10-11 23:25:19,370 [ERROR] - Email sending skipped: sender email is not configured.
2025-10-11 23:25:19,378 [ERROR] - Email sending skipped: sender email is not configured.
2025-10-11 23:25:19,388 [ERROR] - Email sending skipped: sender email is not configured.
2025-10-11 23:25:19,395 [ERROR] - Email sending skipped: sender email is not configured.
2025-10-11 23:25:19,409 [ERROR] - Email sending skipped: sender email is not configured.
2025-10-11 23:25:19,413 [ERROR] - Email sending skipped: sender email is not configured.
2025-10-11 23:25:19,424 [ERROR] - Email sending skipped: sender email is not configured.
2025-10-11 23:25:19,430 [ERROR] - Email sending skipped: sender email is not configured.
2025-10-11 23:25:19,444 [ERROR] - Email sending skipped: sender email is not configured.
2025-10-11 23:25:19,453 [ERROR] - Email sending skipped: sender email is not configured.
2025-10-11 23:25:19,458 [ERROR] - Email sending skipped: sender email is not configured.
2025-10-11 23:25:19,469 [ERROR] - Email sending skipped: sender email is not configured.
2025-10-11 23:25:19,474 [ERROR] - Email sending skipped: sender email is not configured.
2025-10-11 23:25:19,482 [ERROR] - Email sending skipped: sender email is not configured.
2025-10-11 23:25:19,492 [ERROR] - Email sending skipped: sender email is not configured.
2025-10-11 23:25:19,496 [ERROR] - Email sending skipped: sender email is not configured.
2025-10-11 23:25:19,507 [ERROR] - Email sending skipped: sender email is not configured.
2025-10-11 23:25:19,510 [ERROR] - Email sending skipped: sender email is not configured.
2025-10-11 23:25:19,521 [ERROR] - Email sending skipped: sender email is not configured.
2025-10-11 23:25:19,528 [ERROR] - Email sending skipped: sender email is not configured.
2025-10-11 23:25:19,536 [ERROR] - Email sending skipped: sender email is not configured.
2025-10-11 23:25:19,544 [ERROR] - Email sending skipped: sender email is not configured.
2025-10-11 23:25:19,550 [ERROR] - Email sending skipped: sender email is not configured.
2025-10-11 23:25:19,560 [ERROR] - Email sending skipped: sender email is not configured.
2025-10-11 23:25:19,569 [ERROR] - Email sending skipped: sender email is not configured.
2025-10-11 23:25:19,577 [ERROR] - Email sending skipped: sender email is not configured.
2025-10-11 23:25:19,583 [ERROR] - Email sending skipped: sender email is not configured.
2025-10-11 23:25:19,594 [ERROR] - Email sending skipped: sender email is not configured.
2025-10-11 23:25:19,599 [ERROR] - Email sending skipped: sender email is not configured.
2025-10-11 23:25:19,608 [ERROR] - Email sending skipped: sender email is not configured.
2025-10-11 23:25:19,614 [ERROR] - Email sending skipped: sender email is not configured.
2025-10-11 23:25:19,621 [ERROR] - Email sending skipped: sender email is not configured.
2025-10-11 23:25:19,631 [ERROR] - Email sending skipped: sender email is not configured.
2025-10-11 23:25:19,641 [ERROR] - Email sending skipped: sender email is not configured.
2025-10-11 23:25:19,648 [ERROR] - Email sending skipped: sender email is not configured.
2025-10-11 23:25:19,655 [ERROR] - Email sending skipped: sender email is not configured.
2025-10-11 23:25:19,663 [ERROR] - Email sending skipped: sender email is not configured.
2025-10-11 23:25:19,672 [ERROR] - Email sending skipped: sender email is not configured.
2025-10-11 23:25:19,674 [ERROR] - Email sending skipped: sender email is not configured.
2025-10-11 23:25:19,687 [ERROR] - Email sending skipped: sender email is not configured.
2025-10-11 23:25:19,695 [ERROR] - Email sending skipped: sender email is not configured.
2025-10-11 23:25:19,701 [ERROR] - Email sending skipped: sender email is not configured.
2025-10-11 23:25:19,710 [ERROR] - Email sending skipped: sender email is not configured.
2025-10-11 23:25:19,718 [ERROR] - Email sending skipped: sender email is not configured.
2025-10-11 23:25:19,731 [ERROR] - Email sending skipped: sender email is not configured.
2025-10-11 23:25:19,740 [ERROR] - Email sending skipped: sender email is not configured.
2025-10-11 23:25:19,757 [ERROR] - Email sending skipped: sender email is not configured.
2025-10-11 23:25:19,764 [ERROR] - Email sending skipped: sender email is not configured.
2025-10-11 23:25:19,773 [ERROR] - Email sending skipped: sender email is not configured.
2025-10-11 23:25:19,782 [ERROR] - Email sending skipped: sender email is not configured.
2025-10-11 23:25:19,791 [ERROR] - Email sending skipped: sender email is not configured.
2025-10-11 23:25:19,800 [ERROR] - Email sending skipped: sender email is not configured.
2025-10-11 23:25:19,812 [ERROR] - Email sending skipped: sender email is not configured.
2025-10-11 23:25:19,820 [ERROR] - Email sending skipped: sender email is not configured.
2025-10-11 23:25:19,829 [ERROR] - Email sending skipped: sender email is not configured.
2025-10-11 23:25:19,840 [ERROR] - Email sending skipped: sender email is not configured.
2025-10-11 23:25:19,846 [ERROR] - Email sending skipped: sender email is not configured.
2025-10-11 23:25:19,858 [ERROR] - Email sending skipped: sender email is not configured.
2025-10-11 23:25:19,864 [ERROR] - Email sending skipped: sender email is not configured.
2025-10-11 23:25:19,870 [ERROR] - Email sending skipped: sender email is not configured.
2025-10-11 23:25:19,882 [ERROR] - Email sending skipped: sender email is not configured.
2025-10-11 23:25:19,888 [ERROR] - Email sending skipped: sender email is not configured.
2025-10-11 23:25:19,895 [ERROR] - Email sending skipped: sender email is not configured.
2025-10-11 23:25:19,906 [ERROR] - Email sending skipped: sender email is not configured.
2025-10-11 23:25:19,913 [ERROR] - Email sending skipped: sender email is not configured.
2025-10-11 23:25:19,921 [ERROR] - Email sending skipped: sender email is not configured.
2025-10-11 23:25:19,930 [ERROR] - Email sending skipped: sender email is not configured.
2025-10-11 23:25:19,937 [ERROR] - Email sending skipped: sender email is not configured.
2025-10-11 23:25:19,940 [ERROR] - Email sending skipped: sender email is not configured.
2025-10-11 23:25:19,957 [ERROR] - Email sending skipped: sender email is not configured.
2025-10-11 23:25:19,963 [ERROR] - Email sending skipped: sender email is not configured.
2025-10-11 23:25:19,972 [ERROR] - Email sending skipped: sender email is not configured.
2025-10-11 23:25:19,974 [ERROR] - Email sending skipped: sender email is not configured.
2025-10-11 23:25:19,991 [ERROR] - Email sending skipped: sender email is not configured.
2025-10-11 23:25:19,997 [ERROR] - Email sending skipped: sender email is not configured.
2025-10-11 23:25:20,007 [ERROR] - Email sending skipped: sender email is not configured.
2025-10-11 23:25:20,010 [ERROR] - Email sending skipped: sender email is not configured.
2025-10-11 23:25:20,024 [ERROR] - Email sending skipped: sender email is not configured.
2025-10-11 23:25:20,032 [ERROR] - Email sending skipped: sender email is not configured.
2025-10-11 23:25:20,041 [ERROR] - Email sending skipped: sender email is not configured.
2025-10-11 23:25:20,049 [ERROR] - Email sending skipped: sender email is not configured.
2025-10-11 23:25:20,062 [ERROR] - Email sending skipped: sender email is not configured.
2025-10-11 23:25:20,073 [ERROR] - Email sending skipped: sender email is not configured.
2025-10-11 23:25:20,078 [ERROR] - Email sending skipped: sender email is not configured.
2025-10-11 23:25:20,089 [ERROR] - Email sending skipped: sender email is not configured.
2025-10-11 23:25:20,090 [ERROR] - Email sending skipped: sender email is not configured.
2025-10-11 23:25:20,106 [ERROR] - Email sending skipped: sender email is not configured.
2025-10-11 23:25:20,113 [ERROR] - Email sending skipped: sender email is not configured.
2025-10-11 23:25:20,123 [ERROR] - Email sending skipped: sender email is not configured.
2025-10-11 23:25:20,129 [ERROR] - Email sending skipped: sender email is not configured.
2025-10-11 23:25:20,139 [ERROR] - Email sending skipped: sender email is not configured.
2025-10-11 23:25:20,147 [ERROR] - Email sending skipped: sender email is not configured.
2025-10-11 23:25:20,154 [ERROR] - Email sending skipped: sender email is not configured.
2025-10-11 23:25:20,161 [ERROR] - Email sending skipped: sender email is not configured.
2025-10-11 23:25:20,168 [ERROR] - Email sending skipped: sender email is not configured.
2025-10-11 23:25:20,175 [ERROR] - Email sending skipped: sender email is not configured.
2025-10-11 23:25:20,181 [ERROR] - Email sending skipped: sender email is not configured.
2025-10-11 23:25:20,189 [ERROR] - Email sending skipped: sender email is not configured.
2025-10-11 23:25:20,197 [ERROR] - Email sending skipped: sender email is not configured.
2025-10-11 23:25:20,202 [ERROR] - Email sending skipped: sender email is not configured.
2025-10-11 23:25:20,208 [ERROR] - Email sending skipped: sender email is not configured.
2025-10-11 23:25:20,218 [ERROR] - Email sending skipped: sender email is not configured.
2025-10-11 23:25:20,225 [ERROR] - Email sending skipped: sender email is not configured.
2025-10-11 23:25:20,233 [ERROR] - Email sending skipped: sender email is not configured.
2025-10-11 23:25:20,241 [ERROR] - Email sending skipped: sender email is not configured.
2025-10-11 23:25:20,247 [ERROR] - Email sending skipped: sender email is not configured.
2025-10-11 23:25:20,255 [ERROR] - Email sending skipped: sender email is not configured.
2025-10-11 23:25:20,258 [ERROR] - Email sending skipped: sender email is not configured.
2025-10-11 23:25:20,270 [ERROR] - Email sending skipped: sender email is not configured.
2025-10-11 23:25:20,276 [ERROR] - Email sending skipped: sender email is not configured.
2025-10-11 23:25:20,287 [ERROR] - Email sending skipped: sender email is not configured.
2025-10-11 23:25:20,296 [ERROR] - Email sending skipped: sender email is not configured.
2025-10-11 23:25:20,304 [ERROR] - Email sending skipped: sender email is not configured.
2025-10-11 23:25:20,312 [ERROR] - Email sending skipped: sender email is not configured.
2025-10-11 23:25:20,320 [ERROR] - Email sending skipped: sender email is not configured.
2025-10-11 23:25:20,326 [ERROR] - Email sending skipped: sender email is not configured.
2025-10-11 23:25:20,335 [ERROR] - Email sending skipped: sender email is not configured.
2025-10-11 23:25:20,344 [ERROR] - Email sending skipped: sender email is not configured.
2025-10-11 23:25:20,353 [ERROR] - Email sending skipped: sender email is not configured.
2025-10-11 23:25:20,361 [ERROR] - Email sending skipped: sender email is not configured.
2025-10-11 23:25:20,368 [ERROR] - Email sending skipped: sender email is not configured.
2025-10-11 23:25:20,375 [ERROR] - Email sending skipped: sender email is not configured.
2025-10-11 23:25:20,386 [ERROR] - Email sending skipped: sender email is not configured.
2025-10-11 23:25:20,394 [ERROR] - Email sending skipped: sender email is not configured.
2025-10-11 23:25:20,402 [ERROR] - Email sending skipped: sender email is not configured.
2025-10-11 23:25:20,410 [ERROR] - Email sending skipped: sender email is not configured.
2025-10-11 23:25:20,416 [ERROR] - Email sending skipped: sender email is not configured.
2025-10-11 23:25:20,426 [ERROR] - Email sending skipped: sender email is not configured.
2025-10-11 23:25:20,433 [ERROR] - Email sending skipped: sender email is not configured.
2025-10-11 23:25:20,440 [ERROR] - Email sending skipped: sender email is not configured.
2025-10-11 23:25:20,449 [ERROR] - Email sending skipped: sender email is not configured.
2025-10-11 23:25:20,457 [INFO] - Starting negative review check...
2025-10-11 23:25:20,487 [INFO] - No new reviews found.
2025-10-12 00:14:28,993 [CRITICAL] - CRITICAL: Email credentials not set in .env file. Exiting.
2025-10-12 02:06:57,336 [CRITICAL] - CRITICAL: Email credentials not set in .env file. Exiting.
2025-10-12 02:10:51,445 [INFO] - ========================================
2025-10-12 02:10:51,445 [INFO] - Starting price drop check...
2025-10-12 02:10:51,500 [INFO] - Found 226 products with significant price drops.
2025-10-12 02:15:50,265 [INFO] - ========================================
2025-10-12 02:15:50,281 [INFO] - Loaded 0 previously sent notification hashes.
2025-10-12 02:15:50,281 [INFO] - Starting price drop check...
2025-10-12 02:15:50,323 [INFO] - Found 226 products with potential price drops. Checking for duplicates...
2025-10-12 02:16:46,203 [INFO] - Starting negative review check...
2025-10-12 02:16:46,220 [ERROR] - File is empty or missing required columns: My_docs/review_yesterday.csv
2025-10-12 02:16:46,235 [INFO] - Found 0 new negative review(s), below threshold of 2.
2025-10-12 02:16:46,235 [INFO] - ========================================
